<?xml version="1.0" encoding="UTF-8"?>
<!-- Generated by org.testng.reporters.JUnitReportReporter -->
<testsuite hostname="DESKTOP-DOQC3TQ" failures="0" tests="1" name="karthi.sample.program.sampleproject" time="3.491" errors="0" timestamp="2022-12-23T09:35:40 IST" skipped="0">
  <testcase classname="karthi.sample.program.sampleproject" name="Sampleclass" time="3.491"/>
  <system-out/>
</testsuite> <!-- karthi.sample.program.sampleproject -->
