<?xml version="1.0" encoding="UTF-8"?>
<!-- Generated by org.testng.reporters.JUnitReportReporter -->
<testsuite hostname="DESKTOP-DOQC3TQ" failures="0" tests="1" name="karthi.sample.program.sampleproject" time="4.312" errors="0" timestamp="2022-12-27T08:50:39 IST" skipped="0">
  <testcase classname="karthi.sample.program.sampleproject" name="Sampleclass" time="4.312"/>
</testsuite> <!-- karthi.sample.program.sampleproject -->
